{
  "stats": {
    "suites": 1,
    "tests": 1,
    "passes": 1,
    "pending": 0,
    "failures": 0,
    "start": "2023-10-26T04:09:05.308Z",
    "end": "2023-10-26T04:09:31.831Z",
    "duration": 26523,
    "testsRegistered": 1,
    "passPercent": 100,
    "pendingPercent": 0,
    "other": 0,
    "hasOther": false,
    "skipped": 0,
    "hasSkipped": false
  },
  "results": [
    {
      "uuid": "eed56c0d-0aff-4913-81b3-8369364bb252",
      "title": "",
      "fullFile": "/Users/santuroy/Documents/TestWorkspace/selenium-js/checkers-selenium-js/tests/checkers.test.js",
      "file": "/tests/checkers.test.js",
      "beforeHooks": [],
      "afterHooks": [],
      "tests": [],
      "suites": [
        {
          "uuid": "be8afa0f-8096-455f-9cbc-500aa5908d6e",
          "title": "Play checkers",
          "fullFile": "/Users/santuroy/Documents/TestWorkspace/selenium-js/checkers-selenium-js/tests/checkers.test.js",
          "file": "/tests/checkers.test.js",
          "beforeHooks": [
            {
              "title": "\"before each\" hook in \"Play checkers\"",
              "fullTitle": "Play checkers \"before each\" hook in \"Play checkers\"",
              "timedOut": false,
              "duration": 0,
              "state": null,
              "speed": null,
              "pass": false,
              "fail": false,
              "pending": false,
              "context": null,
              "code": "",
              "err": {},
              "uuid": "d0fdf3f6-0a88-4379-a278-5e08a474f9b5",
              "parentUUID": "be8afa0f-8096-455f-9cbc-500aa5908d6e",
              "isHook": true,
              "skipped": false
            }
          ],
          "afterHooks": [
            {
              "title": "\"after each\" hook in \"Play checkers\"",
              "fullTitle": "Play checkers \"after each\" hook in \"Play checkers\"",
              "timedOut": false,
              "duration": 56,
              "state": null,
              "speed": null,
              "pass": false,
              "fail": false,
              "pending": false,
              "context": null,
              "code": "await checkersPage.closeBrowser();",
              "err": {},
              "uuid": "4a3fa5da-27e3-438d-bd2f-a5e30e93ccf7",
              "parentUUID": "be8afa0f-8096-455f-9cbc-500aa5908d6e",
              "isHook": true,
              "skipped": false
            }
          ],
          "tests": [
            {
              "title": "Perform 5 defined steps",
              "fullTitle": "Play checkers Perform 5 defined steps",
              "timedOut": false,
              "duration": 26464,
              "state": "passed",
              "speed": "slow",
              "pass": true,
              "fail": false,
              "pending": false,
              "context": null,
              "code": "this.timeout(50000);\nawait checkersPage.openCheckerPage();\n// Verify initial state verification\nawait checkersPage.verifyTitle();\nexpect(await checkersPage.getHeaderText(), \"Verifying page header is displayed\").to.equal(\"Checkers\");\nexpect(await checkersPage.isYourFirstTurn(), \"Verifying initial player state\").to.be.true;\n// Moves\n//First move\nawait checkersPage.performFirstMoveByPosition(\"space62\", \"space53\");\n//Consecutive moves\nawait checkersPage.performConsecutiveMoveByPosition(\"space22\", \"space33\");\nexpect(await checkersPage.isYourNextTurn(), \"Verifying initial player state\").to.be.true;\nawait checkersPage.performConsecutiveMoveByPosition(\"space11\", \"space22\");\nexpect(await checkersPage.isYourNextTurn(), \"Verifying initial player state\").to.be.true;\nawait checkersPage.performConsecutiveMoveByPosition(\"space00\", \"space11\");\nexpect(await checkersPage.isYourNextTurn(), \"Verifying initial player state\").to.be.true;\nawait checkersPage.performConsecutiveMoveByPosition(\"space22\", \"space04\");\nexpect(await checkersPage.isYourNextTurn(), \"Verifying initial player state\").to.be.true;\n//Restart the game and verify Initial state\nawait checkersPage.restartGame();",
              "err": {},
              "uuid": "c74bc25e-b924-4819-98a1-34ed5c2054f5",
              "parentUUID": "be8afa0f-8096-455f-9cbc-500aa5908d6e",
              "isHook": false,
              "skipped": false
            }
          ],
          "suites": [],
          "passes": [
            "c74bc25e-b924-4819-98a1-34ed5c2054f5"
          ],
          "failures": [],
          "pending": [],
          "skipped": [],
          "duration": 26464,
          "root": false,
          "rootEmpty": false,
          "_timeout": 50000
        }
      ],
      "passes": [],
      "failures": [],
      "pending": [],
      "skipped": [],
      "duration": 0,
      "root": true,
      "rootEmpty": true,
      "_timeout": 10000
    }
  ],
  "meta": {
    "mocha": {
      "version": "10.2.0"
    },
    "mochawesome": {
      "options": {
        "quiet": false,
        "reportFilename": "mochawesome",
        "saveHtml": true,
        "saveJson": true,
        "consoleReporter": "spec",
        "useInlineDiffs": false,
        "code": true
      },
      "version": "7.1.3"
    },
    "marge": {
      "options": null,
      "version": "6.2.0"
    }
  }
}